[Sat Mar 07 17:55:55 MST 2020] - INFO passoff.ServerTest: 	Setting up File Handler Default Test...
[Sat Mar 07 17:55:55 MST 2020] - INFO client.Proxy: 	Clear called
[Sat Mar 07 17:55:55 MST 2020] - INFO client.Client: 	Post without Request Body called
[Sat Mar 07 17:55:55 MST 2020] - INFO client.Client: 	Attempting to open connection to server
[Sat Mar 07 17:55:55 MST 2020] - INFO client.Client: 	Connection opened to server
[Sat Mar 07 17:55:55 MST 2020] - INFO client.Client: 	Setting request method to POST
[Sat Mar 07 17:55:55 MST 2020] - INFO client.Client: 	Request method set to POST
[Sat Mar 07 17:55:55 MST 2020] - INFO client.Client: 	Setting Do Output to true
[Sat Mar 07 17:55:55 MST 2020] - INFO client.Client: 	Do Output set to true
[Sat Mar 07 17:55:55 MST 2020] - INFO client.Client: 	Connecting to server
[Sat Mar 07 17:55:57 MST 2020] - INFO passoff.ServerTest: 	Setting up Realistic Fill Death Test...
[Sat Mar 07 17:55:57 MST 2020] - INFO client.Proxy: 	Clear called
[Sat Mar 07 17:55:57 MST 2020] - INFO client.Client: 	Post without Request Body called
[Sat Mar 07 17:55:57 MST 2020] - INFO client.Client: 	Attempting to open connection to server
[Sat Mar 07 17:55:57 MST 2020] - INFO client.Client: 	Connection opened to server
[Sat Mar 07 17:55:57 MST 2020] - INFO client.Client: 	Setting request method to POST
[Sat Mar 07 17:55:57 MST 2020] - INFO client.Client: 	Request method set to POST
[Sat Mar 07 17:55:57 MST 2020] - INFO client.Client: 	Setting Do Output to true
[Sat Mar 07 17:55:57 MST 2020] - INFO client.Client: 	Do Output set to true
[Sat Mar 07 17:55:57 MST 2020] - INFO client.Client: 	Connecting to server
[Sat Mar 07 17:55:59 MST 2020] - INFO passoff.ServerTest: 	Setting up Login Invalid User Test...
[Sat Mar 07 17:55:59 MST 2020] - INFO client.Proxy: 	Clear called
[Sat Mar 07 17:55:59 MST 2020] - INFO client.Client: 	Post without Request Body called
[Sat Mar 07 17:55:59 MST 2020] - INFO client.Client: 	Attempting to open connection to server
[Sat Mar 07 17:55:59 MST 2020] - INFO client.Client: 	Connection opened to server
[Sat Mar 07 17:55:59 MST 2020] - INFO client.Client: 	Setting request method to POST
[Sat Mar 07 17:55:59 MST 2020] - INFO client.Client: 	Request method set to POST
[Sat Mar 07 17:55:59 MST 2020] - INFO client.Client: 	Setting Do Output to true
[Sat Mar 07 17:55:59 MST 2020] - INFO client.Client: 	Do Output set to true
[Sat Mar 07 17:55:59 MST 2020] - INFO client.Client: 	Connecting to server
[Sat Mar 07 17:56:01 MST 2020] - INFO passoff.ServerTest: 	Setting up Load Valid Info Test...
[Sat Mar 07 17:56:01 MST 2020] - INFO client.Proxy: 	Clear called
[Sat Mar 07 17:56:01 MST 2020] - INFO client.Client: 	Post without Request Body called
[Sat Mar 07 17:56:01 MST 2020] - INFO client.Client: 	Attempting to open connection to server
[Sat Mar 07 17:56:01 MST 2020] - INFO client.Client: 	Connection opened to server
[Sat Mar 07 17:56:01 MST 2020] - INFO client.Client: 	Setting request method to POST
[Sat Mar 07 17:56:01 MST 2020] - INFO client.Client: 	Request method set to POST
[Sat Mar 07 17:56:01 MST 2020] - INFO client.Client: 	Setting Do Output to true
[Sat Mar 07 17:56:01 MST 2020] - INFO client.Client: 	Do Output set to true
[Sat Mar 07 17:56:01 MST 2020] - INFO client.Client: 	Connecting to server
[Sat Mar 07 17:56:03 MST 2020] - INFO passoff.ServerTest: 	Setting up Valid Fill Relationships Test...
[Sat Mar 07 17:56:03 MST 2020] - INFO client.Proxy: 	Clear called
[Sat Mar 07 17:56:03 MST 2020] - INFO client.Client: 	Post without Request Body called
[Sat Mar 07 17:56:03 MST 2020] - INFO client.Client: 	Attempting to open connection to server
[Sat Mar 07 17:56:03 MST 2020] - INFO client.Client: 	Connection opened to server
[Sat Mar 07 17:56:03 MST 2020] - INFO client.Client: 	Setting request method to POST
[Sat Mar 07 17:56:03 MST 2020] - INFO client.Client: 	Request method set to POST
[Sat Mar 07 17:56:03 MST 2020] - INFO client.Client: 	Setting Do Output to true
[Sat Mar 07 17:56:03 MST 2020] - INFO client.Client: 	Do Output set to true
[Sat Mar 07 17:56:03 MST 2020] - INFO client.Client: 	Connecting to server
[Sat Mar 07 17:56:05 MST 2020] - INFO passoff.ServerTest: 	Setting up Events Bad Auth Token Test...
[Sat Mar 07 17:56:05 MST 2020] - INFO client.Proxy: 	Clear called
[Sat Mar 07 17:56:05 MST 2020] - INFO client.Client: 	Post without Request Body called
[Sat Mar 07 17:56:05 MST 2020] - INFO client.Client: 	Attempting to open connection to server
[Sat Mar 07 17:56:05 MST 2020] - INFO client.Client: 	Connection opened to server
[Sat Mar 07 17:56:05 MST 2020] - INFO client.Client: 	Setting request method to POST
[Sat Mar 07 17:56:05 MST 2020] - INFO client.Client: 	Request method set to POST
[Sat Mar 07 17:56:05 MST 2020] - INFO client.Client: 	Setting Do Output to true
[Sat Mar 07 17:56:05 MST 2020] - INFO client.Client: 	Do Output set to true
[Sat Mar 07 17:56:05 MST 2020] - INFO client.Client: 	Connecting to server
